<?xml version="1.0" encoding="UTF-8"?>
<testsuite name="com.gildedrose.GildedRoseTest" tests="5" skipped="0" failures="0" errors="0" timestamp="2023-09-15T13:07:02" hostname="ada.local.isima.fr" time="0.054">
  <properties/>
  <testcase name="Test that quality is positive after update" classname="com.gildedrose.GildedRoseTest" time="0.035"/>
  <testcase name="Test that the name is unchanged" classname="com.gildedrose.GildedRoseTest" time="0.007"/>
  <testcase name="Test that quality of Aged Brie increases proproly" classname="com.gildedrose.GildedRoseTest" time="0.002"/>
  <testcase name="Test that quality is less then 50" classname="com.gildedrose.GildedRoseTest" time="0.001"/>
  <testcase name="Test that quality of Aged Brie increases proproly" classname="com.gildedrose.GildedRoseTest" time="0.001"/>
  <system-out><![CDATA[]]></system-out>
  <system-err><![CDATA[]]></system-err>
</testsuite>
