<?xml version="1.0" encoding="UTF-8"?>
<testsuite name="com.gildedrose.GildedRoseTest" tests="23" skipped="0" failures="0" errors="0" timestamp="2023-10-15T14:19:40" hostname="ada.local.isima.fr" time="0.059">
  <properties/>
  <testcase name="Test that Sulfuras sellin fix" classname="com.gildedrose.GildedRoseTest" time="0.022"/>
  <testcase name="test_quality_invrease_Backstage_passes_sellin_more_10" classname="com.gildedrose.GildedRoseTest" time="0.001"/>
  <testcase name="test_backstage_mutation_sellin11" classname="com.gildedrose.GildedRoseTest" time="0.001"/>
  <testcase name="Test that quality is positive after update" classname="com.gildedrose.GildedRoseTest" time="0.001"/>
  <testcase name="test_backsatge_quality_from_49_to_50_sellin_less_then_5" classname="com.gildedrose.GildedRoseTest" time="0.001"/>
  <testcase name="test_backsatge_quality_from_49_to_50_sellin_less_then_10" classname="com.gildedrose.GildedRoseTest" time="0.001"/>
  <testcase name="Test that the name is unchanged" classname="com.gildedrose.GildedRoseTest" time="0.002"/>
  <testcase name="Test that quality of Aged Brie is less then 50" classname="com.gildedrose.GildedRoseTest" time="0.001"/>
  <testcase name="test_quality_decrease_general_case_sellin_negative" classname="com.gildedrose.GildedRoseTest" time="0.0"/>
  <testcase name="test_general_type_seelin_negative_qulaity_positive" classname="com.gildedrose.GildedRoseTest" time="0.0"/>
  <testcase name="Test that quality of Backstage passes to a TAFKAL80ETC concert is less then 50" classname="com.gildedrose.GildedRoseTest" time="0.0"/>
  <testcase name="test_Conjured_sell_more_then_0" classname="com.gildedrose.GildedRoseTest" time="0.0"/>
  <testcase name="Test that Sulfuras quality fix" classname="com.gildedrose.GildedRoseTest" time="0.001"/>
  <testcase name="test_Conjured_sell_less_then_0" classname="com.gildedrose.GildedRoseTest" time="0.001"/>
  <testcase name="test_backstage_mutation_sellin0" classname="com.gildedrose.GildedRoseTest" time="0.0"/>
  <testcase name="test_backstage_mutation_sellin6" classname="com.gildedrose.GildedRoseTest" time="0.001"/>
  <testcase name="test_quality_invrease_Backstage_passes_sellin__less_10_more_5" classname="com.gildedrose.GildedRoseTest" time="0.0"/>
  <testcase name="Test that quality of Aged Brie increases proproly" classname="com.gildedrose.GildedRoseTest" time="0.001"/>
  <testcase name="test_quality_invrease_Backstage_passes_sellin_less_0" classname="com.gildedrose.GildedRoseTest" time="0.0"/>
  <testcase name="Test tooString" classname="com.gildedrose.GildedRoseTest" time="0.007"/>
  <testcase name="test_quality_increase_agedbrie_sellin_negative_quality_less_50" classname="com.gildedrose.GildedRoseTest" time="0.001"/>
  <testcase name="test_quality_decrease_general_case" classname="com.gildedrose.GildedRoseTest" time="0.001"/>
  <testcase name="test_quality_invrease_Backstage_passes_sellin_less_5_more_0" classname="com.gildedrose.GildedRoseTest" time="0.0"/>
  <system-out><![CDATA[]]></system-out>
  <system-err><![CDATA[]]></system-err>
</testsuite>
