<?xml version="1.0" encoding="UTF-8"?>
<testsuite name="com.gildedrose.GildedRoseTest" tests="14" skipped="0" failures="0" errors="0" timestamp="2023-09-24T00:34:44" hostname="yassine-TUF-GAMING-FX504GE-FX80GE" time="0.072">
  <properties/>
  <testcase name="Test that Sulfuras sellin fix" classname="com.gildedrose.GildedRoseTest" time="0.026"/>
  <testcase name="Test that quality is positive after update" classname="com.gildedrose.GildedRoseTest" time="0.002"/>
  <testcase name="test_backsatge_quality_from_49_to_50_sellin_less_then_5" classname="com.gildedrose.GildedRoseTest" time="0.001"/>
  <testcase name="test_backsatge_quality_from_49_to_50_sellin_less_then_10" classname="com.gildedrose.GildedRoseTest" time="0.001"/>
  <testcase name="Test that the name is unchanged" classname="com.gildedrose.GildedRoseTest" time="0.003"/>
  <testcase name="Test that quality of Aged Brie is less then 50" classname="com.gildedrose.GildedRoseTest" time="0.002"/>
  <testcase name="test_quality_decrease_general_case_sellin_negative" classname="com.gildedrose.GildedRoseTest" time="0.001"/>
  <testcase name="Test that quality of Backstage passes to a TAFKAL80ETC concert is less then 50" classname="com.gildedrose.GildedRoseTest" time="0.001"/>
  <testcase name="Test that Sulfuras quality fix" classname="com.gildedrose.GildedRoseTest" time="0.001"/>
  <testcase name="Test that quality of Backstage passes increases proproly" classname="com.gildedrose.GildedRoseTest" time="0.002"/>
  <testcase name="Test that quality of Aged Brie increases proproly" classname="com.gildedrose.GildedRoseTest" time="0.001"/>
  <testcase name="Test tooString" classname="com.gildedrose.GildedRoseTest" time="0.012"/>
  <testcase name="test_quality_increase_agedbrie_sellin_negative_quality_less_50" classname="com.gildedrose.GildedRoseTest" time="0.002"/>
  <testcase name="test_quality_decrease_general_case" classname="com.gildedrose.GildedRoseTest" time="0.001"/>
  <system-out><![CDATA[]]></system-out>
  <system-err><![CDATA[]]></system-err>
</testsuite>
